生成启动时间为 2018/9/5 14:16:05。
     1>项目“D:\ZYF\Storage\CODES\GitHub\SEUElevators\Front_End0\Front_End\Front_End\Front_End.vcxproj”在节点 2 上(build 个目标)。
     1>InitializeBuildStatus:
         正在创建“Debug\Front_End.unsuccessfulbuild”，因为已指定“AlwaysCreate”。
       ClCompile:
         所有输出均为最新。
         所有输出均为最新。
       ResourceCompile:
         C:\Program Files (x86)\Microsoft SDKs\Windows\v7.0A\bin\rc.exe /D _DEBUG /D _UNICODE /D UNICODE /D _AFXDLL /l"0x0804" /IDebug\ /nologo /fo"Debug\Front_End.res" Front_End.rc 
       ManifestResourceCompile:
         所有输出均为最新。
       Link:
         d:\Microsoft Visual Studio 10.0\VC\bin\link.exe /ERRORREPORT:PROMPT /OUT:"D:\ZYF\Storage\CODES\GitHub\SEUElevators\Front_End0\Front_End\Debug\Front_End.exe" /INCREMENTAL /NOLOGO /MANIFEST /ManifestFile:"Debug\Front_End.exe.intermediate.manifest" /MANIFESTUAC:"level='asInvoker' uiAccess='false'" /DEBUG /PDB:"D:\ZYF\Storage\CODES\GitHub\SEUElevators\Front_End0\Front_End\Debug\Front_End.pdb" /SUBSYSTEM:WINDOWS /TLBID:1 /ENTRY:"wWinMainCRTStartup" /DYNAMICBASE /NXCOMPAT /IMPLIB:"D:\ZYF\Storage\CODES\GitHub\SEUElevators\Front_End0\Front_End\Debug\Front_End.lib" /MACHINE:X86 Debug\Front_End.res
         Debug\Front_End.exe.embed.manifest.res
         Debug\ClassView.obj
         Debug\Dialogmain.obj
         Debug\FileView.obj
         Debug\Front_End.obj
         Debug\Front_EndDoc.obj
         Debug\Front_EndView.obj
         Debug\MainFrm.obj
         Debug\OutputWnd.obj
         Debug\PropertiesWnd.obj
         Debug\stdafx.obj
         Debug\ViewTree.obj
         LINK : 没有找到 D:\ZYF\Storage\CODES\GitHub\SEUElevators\Front_End0\Front_End\Debug\Front_End.exe 或上一个增量链接没有生成它；正在执行完全链接
       Manifest:
         C:\Program Files (x86)\Microsoft SDKs\Windows\v7.0A\bin\mt.exe /nologo /verbose /out:"Debug\Front_End.exe.embed.manifest" /manifest Debug\Front_End.exe.intermediate.manifest "d:\Microsoft Visual Studio 10.0\VC\Include\Manifest\dpiaware.manifest"
         所有输出均为最新。
       LinkEmbedManifest:
         所有输出均为最新。
         Front_End.vcxproj -> D:\ZYF\Storage\CODES\GitHub\SEUElevators\Front_End0\Front_End\Debug\Front_End.exe
       FinalizeBuildStatus:
         正在删除文件“Debug\Front_End.unsuccessfulbuild”。
         正在对“Debug\Front_End.lastbuildstate”执行 Touch 任务。
     1>已完成生成项目“D:\ZYF\Storage\CODES\GitHub\SEUElevators\Front_End0\Front_End\Front_End\Front_End.vcxproj”(build 个目标)的操作。

生成成功。

已用时间 00:00:01.27
