生成启动时间为 2018/8/29 19:55:54。
     1>项目“C:\Users\MR toad\Desktop\Temp1001\Temp1001\Temp1001.vcxproj”在节点 2 上(build 个目标)。
     1>InitializeBuildStatus:
         正在创建“Debug\Temp1001.unsuccessfulbuild”，因为已指定“AlwaysCreate”。
       ClCompile:
         所有输出均为最新。
         C:\Program Files (x86)\Microsoft Visual Studio 10.0\VC\bin\CL.exe /c /ZI /nologo /W3 /WX- /Od /Oy- /D WIN32 /D _WINDOWS /D _DEBUG /D _UNICODE /D UNICODE /D _AFXDLL /Gm /EHsc /RTC1 /MDd /GS /fp:precise /Zc:wchar_t /Zc:forScope /Yu"StdAfx.h" /Fp"Debug\Temp1001.pch" /Fo"Debug\\" /Fd"Debug\vc100.pdb" /Gd /TP /analyze- /errorReport:prompt Dialogmain.cpp
         Dialogmain.cpp
       ResourceCompile:
         所有输出均为最新。
       ManifestResourceCompile:
         所有输出均为最新。
       Link:
         C:\Program Files (x86)\Microsoft Visual Studio 10.0\VC\bin\link.exe /ERRORREPORT:PROMPT /OUT:"C:\Users\MR toad\Desktop\Temp1001\Debug\Temp1001.exe" /INCREMENTAL /NOLOGO /MANIFEST /ManifestFile:"Debug\Temp1001.exe.intermediate.manifest" /MANIFESTUAC:"level='asInvoker' uiAccess='false'" /DEBUG /PDB:"C:\Users\MR toad\Desktop\Temp1001\Debug\Temp1001.pdb" /SUBSYSTEM:WINDOWS /TLBID:1 /ENTRY:"wWinMainCRTStartup" /DYNAMICBASE /NXCOMPAT /IMPLIB:"C:\Users\MR toad\Desktop\Temp1001\Debug\Temp1001.lib" /MACHINE:X86 Debug\Temp1001.res
         Debug\Temp1001.exe.embed.manifest.res
         Debug\ClassView.obj
         Debug\Dialogmain.obj
         Debug\FileView.obj
         Debug\MainFrm.obj
         Debug\OutputWnd.obj
         Debug\PropertiesWnd.obj
         Debug\stdafx.obj
         Debug\Temp1001.obj
         Debug\Temp1001Doc.obj
         Debug\Temp1001View.obj
         Debug\ViewTree.obj
       Manifest:
         C:\Program Files (x86)\Microsoft SDKs\Windows\v7.0A\bin\mt.exe /nologo /verbose /out:"Debug\Temp1001.exe.embed.manifest" /manifest Debug\Temp1001.exe.intermediate.manifest "C:\Program Files (x86)\Microsoft Visual Studio 10.0\VC\Include\Manifest\dpiaware.manifest"
         所有输出均为最新。
       LinkEmbedManifest:
         所有输出均为最新。
         Temp1001.vcxproj -> C:\Users\MR toad\Desktop\Temp1001\Debug\Temp1001.exe
       FinalizeBuildStatus:
         正在删除文件“Debug\Temp1001.unsuccessfulbuild”。
         正在对“Debug\Temp1001.lastbuildstate”执行 Touch 任务。
     1>已完成生成项目“C:\Users\MR toad\Desktop\Temp1001\Temp1001\Temp1001.vcxproj”(build 个目标)的操作。

生成成功。

已用时间 00:00:02.38
