生成启动时间为 2018/9/5 14:09:42。
     1>项目“D:\ZYF\Storage\CODES\GitHub\SEUElevators\Front_End\Temp1001\Temp1001.vcxproj”在节点 2 上(build 个目标)。
     1>InitializeBuildStatus:
         正在对“Debug\Temp1001.unsuccessfulbuild”执行 Touch 任务。
       ClCompile:
         所有输出均为最新。
         d:\Microsoft Visual Studio 10.0\VC\bin\CL.exe /c /ZI /nologo /W3 /WX- /Od /Oy- /D WIN32 /D _WINDOWS /D _DEBUG /D _UNICODE /D UNICODE /D _AFXDLL /Gm /EHsc /RTC1 /MDd /GS /fp:precise /Zc:wchar_t /Zc:forScope /Yu"StdAfx.h" /Fp"Debug\Temp1001.pch" /Fo"Debug\\" /Fd"Debug\vc100.pdb" /Gd /TP /analyze- /errorReport:prompt Dialogmain.cpp MainFrm.cpp Temp1001.cpp Temp1001View.cpp
         Temp1001View.cpp
         Temp1001.cpp
         Dialogmain.cpp
     1>d:\zyf\storage\codes\github\seuelevators\front_end\temp1001\dialogmain.cpp(216): warning C4244: “参数”: 从“double”转换到“int”，可能丢失数据
         正在生成代码...
         正在编译...
         MainFrm.cpp
         正在生成代码...
       ResourceCompile:
         C:\Program Files (x86)\Microsoft SDKs\Windows\v7.0A\bin\rc.exe /D _DEBUG /D _UNICODE /D UNICODE /D _AFXDLL /l"0x0804" /IDebug\ /nologo /fo"Debug\Temp1001.res" Temp1001.rc 
       ManifestResourceCompile:
         C:\Program Files (x86)\Microsoft SDKs\Windows\v7.0A\bin\rc.exe /nologo /fo"Debug\Temp1001.exe.embed.manifest.res" Debug\Temp1001_manifest.rc 
       Link:
         d:\Microsoft Visual Studio 10.0\VC\bin\link.exe /ERRORREPORT:PROMPT /OUT:"D:\ZYF\Storage\CODES\GitHub\SEUElevators\Front_End\Debug\Temp1001.exe" /INCREMENTAL /NOLOGO /MANIFEST /ManifestFile:"Debug\Temp1001.exe.intermediate.manifest" /MANIFESTUAC:"level='asInvoker' uiAccess='false'" /DEBUG /PDB:"D:\ZYF\Storage\CODES\GitHub\SEUElevators\Front_End\Debug\Temp1001.pdb" /SUBSYSTEM:WINDOWS /TLBID:1 /ENTRY:"wWinMainCRTStartup" /DYNAMICBASE /NXCOMPAT /IMPLIB:"D:\ZYF\Storage\CODES\GitHub\SEUElevators\Front_End\Debug\Temp1001.lib" /MACHINE:X86 Debug\Temp1001.res
         Debug\Temp1001.exe.embed.manifest.res
         Debug\ClassView.obj
         Debug\Dialogmain.obj
         Debug\FileView.obj
         Debug\MainFrm.obj
         Debug\OutputWnd.obj
         Debug\PropertiesWnd.obj
         Debug\stdafx.obj
         Debug\Temp1001.obj
         Debug\Temp1001Doc.obj
         Debug\Temp1001View.obj
         Debug\ViewTree.obj
         LINK : 没有找到 D:\ZYF\Storage\CODES\GitHub\SEUElevators\Front_End\Debug\Temp1001.exe 或上一个增量链接没有生成它；正在执行完全链接
       Manifest:
         C:\Program Files (x86)\Microsoft SDKs\Windows\v7.0A\bin\mt.exe /nologo /verbose /out:"Debug\Temp1001.exe.embed.manifest" /manifest Debug\Temp1001.exe.intermediate.manifest "d:\Microsoft Visual Studio 10.0\VC\Include\Manifest\dpiaware.manifest"
         C:\Program Files (x86)\Microsoft SDKs\Windows\v7.0A\bin\rc.exe /nologo /fo"Debug\Temp1001.exe.embed.manifest.res" Debug\Temp1001_manifest.rc 
       LinkEmbedManifest:
         d:\Microsoft Visual Studio 10.0\VC\bin\link.exe /ERRORREPORT:PROMPT /OUT:"D:\ZYF\Storage\CODES\GitHub\SEUElevators\Front_End\Debug\Temp1001.exe" /INCREMENTAL /NOLOGO /MANIFEST /ManifestFile:"Debug\Temp1001.exe.intermediate.manifest" /MANIFESTUAC:"level='asInvoker' uiAccess='false'" /DEBUG /PDB:"D:\ZYF\Storage\CODES\GitHub\SEUElevators\Front_End\Debug\Temp1001.pdb" /SUBSYSTEM:WINDOWS /TLBID:1 /ENTRY:"wWinMainCRTStartup" /DYNAMICBASE /NXCOMPAT /IMPLIB:"D:\ZYF\Storage\CODES\GitHub\SEUElevators\Front_End\Debug\Temp1001.lib" /MACHINE:X86 Debug\Temp1001.res
         Debug\Temp1001.exe.embed.manifest.res
         Debug\ClassView.obj
         Debug\Dialogmain.obj
         Debug\FileView.obj
         Debug\MainFrm.obj
         Debug\OutputWnd.obj
         Debug\PropertiesWnd.obj
         Debug\stdafx.obj
         Debug\Temp1001.obj
         Debug\Temp1001Doc.obj
         Debug\Temp1001View.obj
         Debug\ViewTree.obj
         Temp1001.vcxproj -> D:\ZYF\Storage\CODES\GitHub\SEUElevators\Front_End\Debug\Temp1001.exe
       FinalizeBuildStatus:
         正在删除文件“Debug\Temp1001.unsuccessfulbuild”。
         正在对“Debug\Temp1001.lastbuildstate”执行 Touch 任务。
     1>已完成生成项目“D:\ZYF\Storage\CODES\GitHub\SEUElevators\Front_End\Temp1001\Temp1001.vcxproj”(build 个目标)的操作。

生成成功。

已用时间 00:00:02.86
